<?xml version="1.0" encoding="UTF-8"?>
<!-- Generated by org.testng.reporters.JUnitXMLReporter -->
<testsuite ignored="0" hostname="DESKTOP-K9J0UBH" failures="1" tests="7" name="Test on Firefox" time="163.217" errors="0" timestamp="07 abr. 2021 23:16:55 GMT">
  <testcase classname="com.reports.crossBrowser.LoginExitoso" name="loginExitoso" time="11.56"/>
  <testcase classname="com.reports.crossBrowser.LoginUserFail" name="loginUserFail" time="12.352"/>
  <testcase classname="com.reports.crossBrowser.LoginPassNone" name="loginPassNone" time="10.039"/>
  <testcase classname="com.reports.crossBrowser.LoginPassFail" name="loginPassFail" time="6.565"/>
  <testcase classname="com.reports.crossBrowser.LoginFailed" name="loginFailed" time="10.691">
    <failure type="org.junit.ComparisonFailure" message="expected:&amp;lt;[An email address requir]ed.&amp;gt; but was:&amp;lt;[Test fail]ed.&amp;gt;">
      <![CDATA[org.junit.ComparisonFailure: expected:<[An email address requir]ed.> but was:<[Test fail]ed.>
	at org.junit.Assert.assertEquals(Assert.java:117)
	at org.junit.Assert.assertEquals(Assert.java:146)
	at com.reports.crossBrowser.LoginFailed.loginFailed(LoginFailed.java:52)
... Removed 25 stack frames]]>
    </failure>
  </testcase> <!-- loginFailed -->
  <testcase classname="com.reports.crossBrowser.LoginUserNone" name="loginUserNone" time="13.025"/>
  <testcase classname="com.reports.crossBrowser.LoginUserAndPassNone" name="loginUserAndPassNone" time="11.464"/>
</testsuite> <!-- Test on Firefox -->
