<?xml version="1.0" encoding="UTF-8"?>
<!-- Generated by org.testng.reporters.JUnitXMLReporter -->
<testsuite ignored="0" hostname="DESKTOP-K9J0UBH" failures="1" tests="7" name="Test on Chrome" time="133.062" errors="0" timestamp="07 abr. 2021 23:14:11 GMT">
  <testcase classname="com.reports.crossBrowser.LoginExitoso" name="loginExitoso" time="13.177"/>
  <testcase classname="com.reports.crossBrowser.LoginUserFail" name="loginUserFail" time="8.659"/>
  <testcase classname="com.reports.crossBrowser.LoginPassNone" name="loginPassNone" time="8.964"/>
  <testcase classname="com.reports.crossBrowser.LoginPassFail" name="loginPassFail" time="8.267"/>
  <testcase classname="com.reports.crossBrowser.LoginFailed" name="loginFailed" time="8.21">
    <failure type="org.junit.ComparisonFailure" message="expected:&amp;lt;[An email address requir]ed.&amp;gt; but was:&amp;lt;[Test fail]ed.&amp;gt;">
      <![CDATA[org.junit.ComparisonFailure: expected:<[An email address requir]ed.> but was:<[Test fail]ed.>
	at org.junit.Assert.assertEquals(Assert.java:117)
	at org.junit.Assert.assertEquals(Assert.java:146)
	at com.reports.crossBrowser.LoginFailed.loginFailed(LoginFailed.java:52)
... Removed 25 stack frames]]>
    </failure>
  </testcase> <!-- loginFailed -->
  <testcase classname="com.reports.crossBrowser.LoginUserNone" name="loginUserNone" time="8.884"/>
  <testcase classname="com.reports.crossBrowser.LoginUserAndPassNone" name="loginUserAndPassNone" time="11.488"/>
</testsuite> <!-- Test on Chrome -->
