<?xml version="1.0" encoding="UTF-8"?>
<testng-results ignored="0" total="14" passed="12" failed="2" skipped="0">
  <reporter-output>
  </reporter-output>
  <suite started-at="2021-04-07T23:11:58Z" name="Suite" finished-at="2021-04-07T23:16:55Z" duration-ms="296648">
    <groups>
    </groups>
    <test started-at="2021-04-07T23:11:58Z" name="Test on Chrome" finished-at="2021-04-07T23:14:11Z" duration-ms="133062">
      <class name="com.reports.crossBrowser.LoginUserAndPassNone">
        <test-method is-config="true" signature="beforeClass(java.lang.String)[pri:0, instance:com.reports.crossBrowser.LoginUserAndPassNone@40317ba2]" started-at="2021-04-07T20:13:50Z" name="beforeClass" finished-at="2021-04-07T20:13:59Z" duration-ms="9411" status="PASS">
          <params>
            <param index="0">
              <value>
                <![CDATA[Chrome]]>
              </value>
            </param>
          </params>
          <reporter-output>
          </reporter-output>
        </test-method> <!-- beforeClass -->
        <test-method signature="loginUserAndPassNone()[pri:0, instance:com.reports.crossBrowser.LoginUserAndPassNone@40317ba2]" started-at="2021-04-07T20:13:59Z" name="loginUserAndPassNone" finished-at="2021-04-07T20:14:11Z" duration-ms="11488" status="PASS">
          <reporter-output>
          </reporter-output>
        </test-method> <!-- loginUserAndPassNone -->
        <test-method is-config="true" signature="tearDown()[pri:0, instance:com.reports.crossBrowser.LoginUserAndPassNone@40317ba2]" started-at="2021-04-07T20:14:11Z" name="tearDown" finished-at="2021-04-07T20:14:11Z" duration-ms="650" status="PASS">
          <reporter-output>
          </reporter-output>
        </test-method> <!-- tearDown -->
      </class> <!-- com.reports.crossBrowser.LoginUserAndPassNone -->
      <class name="com.reports.crossBrowser.LoginUserFail">
        <test-method is-config="true" signature="beforeClass(java.lang.String)[pri:0, instance:com.reports.crossBrowser.LoginUserFail@3406472c]" started-at="2021-04-07T20:12:21Z" name="beforeClass" finished-at="2021-04-07T20:12:29Z" duration-ms="8689" status="PASS">
          <params>
            <param index="0">
              <value>
                <![CDATA[Chrome]]>
              </value>
            </param>
          </params>
          <reporter-output>
          </reporter-output>
        </test-method> <!-- beforeClass -->
        <test-method signature="loginUserFail()[pri:0, instance:com.reports.crossBrowser.LoginUserFail@3406472c]" started-at="2021-04-07T20:12:29Z" name="loginUserFail" finished-at="2021-04-07T20:12:38Z" duration-ms="8659" status="PASS">
          <reporter-output>
          </reporter-output>
        </test-method> <!-- loginUserFail -->
        <test-method is-config="true" signature="tearDown()[pri:0, instance:com.reports.crossBrowser.LoginUserFail@3406472c]" started-at="2021-04-07T20:12:38Z" name="tearDown" finished-at="2021-04-07T20:12:39Z" duration-ms="648" status="PASS">
          <reporter-output>
          </reporter-output>
        </test-method> <!-- tearDown -->
      </class> <!-- com.reports.crossBrowser.LoginUserFail -->
      <class name="com.reports.crossBrowser.LoginPassNone">
        <test-method is-config="true" signature="beforeClass(java.lang.String)[pri:0, instance:com.reports.crossBrowser.LoginPassNone@5717c37]" started-at="2021-04-07T20:12:39Z" name="beforeClass" finished-at="2021-04-07T20:12:48Z" duration-ms="9018" status="PASS">
          <params>
            <param index="0">
              <value>
                <![CDATA[Chrome]]>
              </value>
            </param>
          </params>
          <reporter-output>
          </reporter-output>
        </test-method> <!-- beforeClass -->
        <test-method signature="loginPassNone()[pri:0, instance:com.reports.crossBrowser.LoginPassNone@5717c37]" started-at="2021-04-07T20:12:48Z" name="loginPassNone" finished-at="2021-04-07T20:12:57Z" duration-ms="8964" status="PASS">
          <reporter-output>
          </reporter-output>
        </test-method> <!-- loginPassNone -->
        <test-method is-config="true" signature="tearDown()[pri:0, instance:com.reports.crossBrowser.LoginPassNone@5717c37]" started-at="2021-04-07T20:12:57Z" name="tearDown" finished-at="2021-04-07T20:12:57Z" duration-ms="648" status="PASS">
          <reporter-output>
          </reporter-output>
        </test-method> <!-- tearDown -->
      </class> <!-- com.reports.crossBrowser.LoginPassNone -->
      <class name="com.reports.crossBrowser.LoginExitoso">
        <test-method is-config="true" signature="beforeClass(java.lang.String)[pri:0, instance:com.reports.crossBrowser.LoginExitoso@7357a011]" started-at="2021-04-07T20:11:58Z" name="beforeClass" finished-at="2021-04-07T20:12:07Z" duration-ms="8656" status="PASS">
          <params>
            <param index="0">
              <value>
                <![CDATA[Chrome]]>
              </value>
            </param>
          </params>
          <reporter-output>
          </reporter-output>
        </test-method> <!-- beforeClass -->
        <test-method signature="loginExitoso()[pri:0, instance:com.reports.crossBrowser.LoginExitoso@7357a011]" started-at="2021-04-07T20:12:07Z" name="loginExitoso" finished-at="2021-04-07T20:12:20Z" duration-ms="13177" status="PASS">
          <reporter-output>
          </reporter-output>
        </test-method> <!-- loginExitoso -->
        <test-method is-config="true" signature="afterClass()[pri:0, instance:com.reports.crossBrowser.LoginExitoso@7357a011]" started-at="2021-04-07T20:12:20Z" name="afterClass" finished-at="2021-04-07T20:12:21Z" duration-ms="656" status="PASS">
          <reporter-output>
          </reporter-output>
        </test-method> <!-- afterClass -->
      </class> <!-- com.reports.crossBrowser.LoginExitoso -->
      <class name="com.reports.crossBrowser.LoginFailed">
        <test-method is-config="true" signature="beforeClass(java.lang.String)[pri:0, instance:com.reports.crossBrowser.LoginFailed@4816278d]" started-at="2021-04-07T20:13:14Z" name="beforeClass" finished-at="2021-04-07T20:13:23Z" duration-ms="8761" status="PASS">
          <params>
            <param index="0">
              <value>
                <![CDATA[Chrome]]>
              </value>
            </param>
          </params>
          <reporter-output>
          </reporter-output>
        </test-method> <!-- beforeClass -->
        <test-method signature="loginFailed()[pri:0, instance:com.reports.crossBrowser.LoginFailed@4816278d]" started-at="2021-04-07T20:13:23Z" name="loginFailed" finished-at="2021-04-07T20:13:31Z" duration-ms="8210" status="FAIL">
          <exception class="org.junit.ComparisonFailure">
            <message>
              <![CDATA[expected:<[An email address requir]ed.> but was:<[Test fail]ed.>]]>
            </message>
            <full-stacktrace>
              <![CDATA[org.junit.ComparisonFailure: expected:<[An email address requir]ed.> but was:<[Test fail]ed.>
	at org.junit.Assert.assertEquals(Assert.java:117)
	at org.junit.Assert.assertEquals(Assert.java:146)
	at com.reports.crossBrowser.LoginFailed.loginFailed(LoginFailed.java:52)
	at java.base/jdk.internal.reflect.NativeMethodAccessorImpl.invoke0(Native Method)
	at java.base/jdk.internal.reflect.NativeMethodAccessorImpl.invoke(NativeMethodAccessorImpl.java:64)
	at java.base/jdk.internal.reflect.DelegatingMethodAccessorImpl.invoke(DelegatingMethodAccessorImpl.java:43)
	at java.base/java.lang.reflect.Method.invoke(Method.java:564)
	at org.testng.internal.MethodInvocationHelper.invokeMethod(MethodInvocationHelper.java:108)
	at org.testng.internal.Invoker.invokeMethod(Invoker.java:661)
	at org.testng.internal.Invoker.invokeTestMethod(Invoker.java:869)
	at org.testng.internal.Invoker.invokeTestMethods(Invoker.java:1193)
	at org.testng.internal.TestMethodWorker.invokeTestMethods(TestMethodWorker.java:126)
	at org.testng.internal.TestMethodWorker.run(TestMethodWorker.java:109)
	at org.testng.TestRunner.privateRun(TestRunner.java:744)
	at org.testng.TestRunner.run(TestRunner.java:602)
	at org.testng.SuiteRunner.runTest(SuiteRunner.java:380)
	at org.testng.SuiteRunner.runSequentially(SuiteRunner.java:375)
	at org.testng.SuiteRunner.privateRun(SuiteRunner.java:340)
	at org.testng.SuiteRunner.run(SuiteRunner.java:289)
	at org.testng.SuiteRunnerWorker.runSuite(SuiteRunnerWorker.java:52)
	at org.testng.SuiteRunnerWorker.run(SuiteRunnerWorker.java:86)
	at org.testng.TestNG.runSuitesSequentially(TestNG.java:1301)
	at org.testng.TestNG.runSuitesLocally(TestNG.java:1226)
	at org.testng.TestNG.runSuites(TestNG.java:1144)
	at org.testng.TestNG.run(TestNG.java:1115)
	at org.testng.remote.AbstractRemoteTestNG.run(AbstractRemoteTestNG.java:115)
	at org.testng.remote.RemoteTestNG.initAndRun(RemoteTestNG.java:251)
	at org.testng.remote.RemoteTestNG.main(RemoteTestNG.java:77)
]]>
            </full-stacktrace>
          </exception> <!-- org.junit.ComparisonFailure -->
          <reporter-output>
          </reporter-output>
        </test-method> <!-- loginFailed -->
        <test-method is-config="true" signature="tearDown()[pri:0, instance:com.reports.crossBrowser.LoginFailed@4816278d]" started-at="2021-04-07T20:13:31Z" name="tearDown" finished-at="2021-04-07T20:13:32Z" duration-ms="649" status="PASS">
          <reporter-output>
          </reporter-output>
        </test-method> <!-- tearDown -->
      </class> <!-- com.reports.crossBrowser.LoginFailed -->
      <class name="com.reports.crossBrowser.LoginPassFail">
        <test-method is-config="true" signature="beforeClass(java.lang.String)[pri:0, instance:com.reports.crossBrowser.LoginPassFail@68f4865]" started-at="2021-04-07T20:12:57Z" name="beforeClass" finished-at="2021-04-07T20:13:05Z" duration-ms="7770" status="PASS">
          <params>
            <param index="0">
              <value>
                <![CDATA[Chrome]]>
              </value>
            </param>
          </params>
          <reporter-output>
          </reporter-output>
        </test-method> <!-- beforeClass -->
        <test-method signature="loginPassFail()[pri:0, instance:com.reports.crossBrowser.LoginPassFail@68f4865]" started-at="2021-04-07T20:13:05Z" name="loginPassFail" finished-at="2021-04-07T20:13:13Z" duration-ms="8267" status="PASS">
          <reporter-output>
          </reporter-output>
        </test-method> <!-- loginPassFail -->
        <test-method is-config="true" signature="tearDown()[pri:0, instance:com.reports.crossBrowser.LoginPassFail@68f4865]" started-at="2021-04-07T20:13:13Z" name="tearDown" finished-at="2021-04-07T20:13:14Z" duration-ms="653" status="PASS">
          <reporter-output>
          </reporter-output>
        </test-method> <!-- tearDown -->
      </class> <!-- com.reports.crossBrowser.LoginPassFail -->
      <class name="com.reports.crossBrowser.LoginUserNone">
        <test-method is-config="true" signature="beforeClass(java.lang.String)[pri:0, instance:com.reports.crossBrowser.LoginUserNone@4eaf3684]" started-at="2021-04-07T20:13:32Z" name="beforeClass" finished-at="2021-04-07T20:13:40Z" duration-ms="8544" status="PASS">
          <params>
            <param index="0">
              <value>
                <![CDATA[Chrome]]>
              </value>
            </param>
          </params>
          <reporter-output>
          </reporter-output>
        </test-method> <!-- beforeClass -->
        <test-method signature="loginUserNone()[pri:0, instance:com.reports.crossBrowser.LoginUserNone@4eaf3684]" started-at="2021-04-07T20:13:40Z" name="loginUserNone" finished-at="2021-04-07T20:13:49Z" duration-ms="8884" status="PASS">
          <reporter-output>
          </reporter-output>
        </test-method> <!-- loginUserNone -->
        <test-method is-config="true" signature="tearDown()[pri:0, instance:com.reports.crossBrowser.LoginUserNone@4eaf3684]" started-at="2021-04-07T20:13:49Z" name="tearDown" finished-at="2021-04-07T20:13:50Z" duration-ms="635" status="PASS">
          <reporter-output>
          </reporter-output>
        </test-method> <!-- tearDown -->
      </class> <!-- com.reports.crossBrowser.LoginUserNone -->
    </test> <!-- Test on Chrome -->
    <test started-at="2021-04-07T23:14:12Z" name="Test on Firefox" finished-at="2021-04-07T23:16:55Z" duration-ms="163217">
      <class name="com.reports.crossBrowser.LoginUserAndPassNone">
        <test-method is-config="true" signature="beforeClass(java.lang.String)[pri:0, instance:com.reports.crossBrowser.LoginUserAndPassNone@48d61b48]" started-at="2021-04-07T20:16:30Z" name="beforeClass" finished-at="2021-04-07T20:16:42Z" duration-ms="12049" status="PASS">
          <params>
            <param index="0">
              <value>
                <![CDATA[Firefox]]>
              </value>
            </param>
          </params>
          <reporter-output>
          </reporter-output>
        </test-method> <!-- beforeClass -->
        <test-method signature="loginUserAndPassNone()[pri:0, instance:com.reports.crossBrowser.LoginUserAndPassNone@48d61b48]" started-at="2021-04-07T20:16:42Z" name="loginUserAndPassNone" finished-at="2021-04-07T20:16:53Z" duration-ms="11464" status="PASS">
          <reporter-output>
          </reporter-output>
        </test-method> <!-- loginUserAndPassNone -->
        <test-method is-config="true" signature="tearDown()[pri:0, instance:com.reports.crossBrowser.LoginUserAndPassNone@48d61b48]" started-at="2021-04-07T20:16:53Z" name="tearDown" finished-at="2021-04-07T20:16:55Z" duration-ms="1668" status="PASS">
          <reporter-output>
          </reporter-output>
        </test-method> <!-- tearDown -->
      </class> <!-- com.reports.crossBrowser.LoginUserAndPassNone -->
      <class name="com.reports.crossBrowser.LoginPassNone">
        <test-method is-config="true" signature="beforeClass(java.lang.String)[pri:0, instance:com.reports.crossBrowser.LoginPassNone@21129f1f]" started-at="2021-04-07T20:15:01Z" name="beforeClass" finished-at="2021-04-07T20:15:13Z" duration-ms="12134" status="PASS">
          <params>
            <param index="0">
              <value>
                <![CDATA[Firefox]]>
              </value>
            </param>
          </params>
          <reporter-output>
          </reporter-output>
        </test-method> <!-- beforeClass -->
        <test-method signature="loginPassNone()[pri:0, instance:com.reports.crossBrowser.LoginPassNone@21129f1f]" started-at="2021-04-07T20:15:13Z" name="loginPassNone" finished-at="2021-04-07T20:15:23Z" duration-ms="10039" status="PASS">
          <reporter-output>
          </reporter-output>
        </test-method> <!-- loginPassNone -->
        <test-method is-config="true" signature="tearDown()[pri:0, instance:com.reports.crossBrowser.LoginPassNone@21129f1f]" started-at="2021-04-07T20:15:23Z" name="tearDown" finished-at="2021-04-07T20:15:24Z" duration-ms="1012" status="PASS">
          <reporter-output>
          </reporter-output>
        </test-method> <!-- tearDown -->
      </class> <!-- com.reports.crossBrowser.LoginPassNone -->
      <class name="com.reports.crossBrowser.LoginUserFail">
        <test-method is-config="true" signature="beforeClass(java.lang.String)[pri:0, instance:com.reports.crossBrowser.LoginUserFail@352c1b98]" started-at="2021-04-07T20:14:37Z" name="beforeClass" finished-at="2021-04-07T20:14:47Z" duration-ms="10505" status="PASS">
          <params>
            <param index="0">
              <value>
                <![CDATA[Firefox]]>
              </value>
            </param>
          </params>
          <reporter-output>
          </reporter-output>
        </test-method> <!-- beforeClass -->
        <test-method signature="loginUserFail()[pri:0, instance:com.reports.crossBrowser.LoginUserFail@352c1b98]" started-at="2021-04-07T20:14:47Z" name="loginUserFail" finished-at="2021-04-07T20:14:59Z" duration-ms="12352" status="PASS">
          <reporter-output>
          </reporter-output>
        </test-method> <!-- loginUserFail -->
        <test-method is-config="true" signature="tearDown()[pri:0, instance:com.reports.crossBrowser.LoginUserFail@352c1b98]" started-at="2021-04-07T20:14:59Z" name="tearDown" finished-at="2021-04-07T20:15:01Z" duration-ms="1121" status="PASS">
          <reporter-output>
          </reporter-output>
        </test-method> <!-- tearDown -->
      </class> <!-- com.reports.crossBrowser.LoginUserFail -->
      <class name="com.reports.crossBrowser.LoginExitoso">
        <test-method is-config="true" signature="beforeClass(java.lang.String)[pri:0, instance:com.reports.crossBrowser.LoginExitoso@6853425f]" started-at="2021-04-07T20:14:12Z" name="beforeClass" finished-at="2021-04-07T20:14:24Z" duration-ms="12367" status="PASS">
          <params>
            <param index="0">
              <value>
                <![CDATA[Firefox]]>
              </value>
            </param>
          </params>
          <reporter-output>
          </reporter-output>
        </test-method> <!-- beforeClass -->
        <test-method signature="loginExitoso()[pri:0, instance:com.reports.crossBrowser.LoginExitoso@6853425f]" started-at="2021-04-07T20:14:24Z" name="loginExitoso" finished-at="2021-04-07T20:14:36Z" duration-ms="11560" status="PASS">
          <reporter-output>
          </reporter-output>
        </test-method> <!-- loginExitoso -->
        <test-method is-config="true" signature="afterClass()[pri:0, instance:com.reports.crossBrowser.LoginExitoso@6853425f]" started-at="2021-04-07T20:14:36Z" name="afterClass" finished-at="2021-04-07T20:14:37Z" duration-ms="1031" status="PASS">
          <reporter-output>
          </reporter-output>
        </test-method> <!-- afterClass -->
      </class> <!-- com.reports.crossBrowser.LoginExitoso -->
      <class name="com.reports.crossBrowser.LoginFailed">
        <test-method is-config="true" signature="beforeClass(java.lang.String)[pri:0, instance:com.reports.crossBrowser.LoginFailed@282cb7c7]" started-at="2021-04-07T20:15:42Z" name="beforeClass" finished-at="2021-04-07T20:15:53Z" duration-ms="10553" status="PASS">
          <params>
            <param index="0">
              <value>
                <![CDATA[Firefox]]>
              </value>
            </param>
          </params>
          <reporter-output>
          </reporter-output>
        </test-method> <!-- beforeClass -->
        <test-method signature="loginFailed()[pri:0, instance:com.reports.crossBrowser.LoginFailed@282cb7c7]" started-at="2021-04-07T20:15:53Z" name="loginFailed" finished-at="2021-04-07T20:16:03Z" duration-ms="10691" status="FAIL">
          <exception class="org.junit.ComparisonFailure">
            <message>
              <![CDATA[expected:<[An email address requir]ed.> but was:<[Test fail]ed.>]]>
            </message>
            <full-stacktrace>
              <![CDATA[org.junit.ComparisonFailure: expected:<[An email address requir]ed.> but was:<[Test fail]ed.>
	at org.junit.Assert.assertEquals(Assert.java:117)
	at org.junit.Assert.assertEquals(Assert.java:146)
	at com.reports.crossBrowser.LoginFailed.loginFailed(LoginFailed.java:52)
	at java.base/jdk.internal.reflect.NativeMethodAccessorImpl.invoke0(Native Method)
	at java.base/jdk.internal.reflect.NativeMethodAccessorImpl.invoke(NativeMethodAccessorImpl.java:64)
	at java.base/jdk.internal.reflect.DelegatingMethodAccessorImpl.invoke(DelegatingMethodAccessorImpl.java:43)
	at java.base/java.lang.reflect.Method.invoke(Method.java:564)
	at org.testng.internal.MethodInvocationHelper.invokeMethod(MethodInvocationHelper.java:108)
	at org.testng.internal.Invoker.invokeMethod(Invoker.java:661)
	at org.testng.internal.Invoker.invokeTestMethod(Invoker.java:869)
	at org.testng.internal.Invoker.invokeTestMethods(Invoker.java:1193)
	at org.testng.internal.TestMethodWorker.invokeTestMethods(TestMethodWorker.java:126)
	at org.testng.internal.TestMethodWorker.run(TestMethodWorker.java:109)
	at org.testng.TestRunner.privateRun(TestRunner.java:744)
	at org.testng.TestRunner.run(TestRunner.java:602)
	at org.testng.SuiteRunner.runTest(SuiteRunner.java:380)
	at org.testng.SuiteRunner.runSequentially(SuiteRunner.java:375)
	at org.testng.SuiteRunner.privateRun(SuiteRunner.java:340)
	at org.testng.SuiteRunner.run(SuiteRunner.java:289)
	at org.testng.SuiteRunnerWorker.runSuite(SuiteRunnerWorker.java:52)
	at org.testng.SuiteRunnerWorker.run(SuiteRunnerWorker.java:86)
	at org.testng.TestNG.runSuitesSequentially(TestNG.java:1301)
	at org.testng.TestNG.runSuitesLocally(TestNG.java:1226)
	at org.testng.TestNG.runSuites(TestNG.java:1144)
	at org.testng.TestNG.run(TestNG.java:1115)
	at org.testng.remote.AbstractRemoteTestNG.run(AbstractRemoteTestNG.java:115)
	at org.testng.remote.RemoteTestNG.initAndRun(RemoteTestNG.java:251)
	at org.testng.remote.RemoteTestNG.main(RemoteTestNG.java:77)
]]>
            </full-stacktrace>
          </exception> <!-- org.junit.ComparisonFailure -->
          <reporter-output>
          </reporter-output>
        </test-method> <!-- loginFailed -->
        <test-method is-config="true" signature="tearDown()[pri:0, instance:com.reports.crossBrowser.LoginFailed@282cb7c7]" started-at="2021-04-07T20:16:03Z" name="tearDown" finished-at="2021-04-07T20:16:04Z" duration-ms="1138" status="PASS">
          <reporter-output>
          </reporter-output>
        </test-method> <!-- tearDown -->
      </class> <!-- com.reports.crossBrowser.LoginFailed -->
      <class name="com.reports.crossBrowser.LoginPassFail">
        <test-method is-config="true" signature="beforeClass(java.lang.String)[pri:0, instance:com.reports.crossBrowser.LoginPassFail@5a9f4771]" started-at="2021-04-07T20:15:24Z" name="beforeClass" finished-at="2021-04-07T20:15:34Z" duration-ms="10675" status="PASS">
          <params>
            <param index="0">
              <value>
                <![CDATA[Firefox]]>
              </value>
            </param>
          </params>
          <reporter-output>
          </reporter-output>
        </test-method> <!-- beforeClass -->
        <test-method signature="loginPassFail()[pri:0, instance:com.reports.crossBrowser.LoginPassFail@5a9f4771]" started-at="2021-04-07T20:15:34Z" name="loginPassFail" finished-at="2021-04-07T20:15:41Z" duration-ms="6565" status="PASS">
          <reporter-output>
          </reporter-output>
        </test-method> <!-- loginPassFail -->
        <test-method is-config="true" signature="tearDown()[pri:0, instance:com.reports.crossBrowser.LoginPassFail@5a9f4771]" started-at="2021-04-07T20:15:41Z" name="tearDown" finished-at="2021-04-07T20:15:42Z" duration-ms="1116" status="PASS">
          <reporter-output>
          </reporter-output>
        </test-method> <!-- tearDown -->
      </class> <!-- com.reports.crossBrowser.LoginPassFail -->
      <class name="com.reports.crossBrowser.LoginUserNone">
        <test-method is-config="true" signature="beforeClass(java.lang.String)[pri:0, instance:com.reports.crossBrowser.LoginUserNone@7d898981]" started-at="2021-04-07T20:16:04Z" name="beforeClass" finished-at="2021-04-07T20:16:16Z" duration-ms="11044" status="PASS">
          <params>
            <param index="0">
              <value>
                <![CDATA[Firefox]]>
              </value>
            </param>
          </params>
          <reporter-output>
          </reporter-output>
        </test-method> <!-- beforeClass -->
        <test-method signature="loginUserNone()[pri:0, instance:com.reports.crossBrowser.LoginUserNone@7d898981]" started-at="2021-04-07T20:16:16Z" name="loginUserNone" finished-at="2021-04-07T20:16:29Z" duration-ms="13025" status="PASS">
          <reporter-output>
          </reporter-output>
        </test-method> <!-- loginUserNone -->
        <test-method is-config="true" signature="tearDown()[pri:0, instance:com.reports.crossBrowser.LoginUserNone@7d898981]" started-at="2021-04-07T20:16:29Z" name="tearDown" finished-at="2021-04-07T20:16:30Z" duration-ms="1101" status="PASS">
          <reporter-output>
          </reporter-output>
        </test-method> <!-- tearDown -->
      </class> <!-- com.reports.crossBrowser.LoginUserNone -->
    </test> <!-- Test on Firefox -->
  </suite> <!-- Suite -->
</testng-results>
