<?xml version="1.0" encoding="UTF-8"?>
<testng-results ignored="0" total="7" passed="6" failed="1" skipped="0">
  <reporter-output>
  </reporter-output>
  <suite started-at="2021-04-06T21:29:02Z" name="Suite" finished-at="2021-04-06T21:32:56Z" duration-ms="234034">
    <groups>
    </groups>
    <test started-at="2021-04-06T21:29:02Z" name="Test" finished-at="2021-04-06T21:32:56Z" duration-ms="234034">
      <class name="com.reports.automation.LoginUserAndPassNone">
        <test-method is-config="true" signature="setUp()[pri:0, instance:com.reports.automation.LoginUserAndPassNone@ed7f8b4]" started-at="2021-04-06T18:29:02Z" name="setUp" finished-at="2021-04-06T18:29:20Z" duration-ms="17959" status="PASS">
          <reporter-output>
          </reporter-output>
        </test-method> <!-- setUp -->
        <test-method signature="loginUserAndPassNone()[pri:0, instance:com.reports.automation.LoginUserAndPassNone@ed7f8b4]" started-at="2021-04-06T18:29:20Z" name="loginUserAndPassNone" finished-at="2021-04-06T18:29:26Z" duration-ms="5570" status="PASS">
          <reporter-output>
          </reporter-output>
        </test-method> <!-- loginUserAndPassNone -->
        <test-method is-config="true" signature="tearDown()[pri:0, instance:com.reports.automation.LoginUserAndPassNone@ed7f8b4]" started-at="2021-04-06T18:29:26Z" name="tearDown" finished-at="2021-04-06T18:29:26Z" duration-ms="723" status="PASS">
          <reporter-output>
          </reporter-output>
        </test-method> <!-- tearDown -->
      </class> <!-- com.reports.automation.LoginUserAndPassNone -->
      <class name="com.reports.automation.LoginUserNone">
        <test-method is-config="true" signature="setUp()[pri:0, instance:com.reports.automation.LoginUserNone@6ab778a]" started-at="2021-04-06T18:32:17Z" name="setUp" finished-at="2021-04-06T18:32:26Z" duration-ms="8859" status="PASS">
          <reporter-output>
          </reporter-output>
        </test-method> <!-- setUp -->
        <test-method signature="loginUserNone()[pri:0, instance:com.reports.automation.LoginUserNone@6ab778a]" started-at="2021-04-06T18:32:26Z" name="loginUserNone" finished-at="2021-04-06T18:32:30Z" duration-ms="4057" status="PASS">
          <reporter-output>
          </reporter-output>
        </test-method> <!-- loginUserNone -->
        <test-method is-config="true" signature="tearDown()[pri:0, instance:com.reports.automation.LoginUserNone@6ab778a]" started-at="2021-04-06T18:32:30Z" name="tearDown" finished-at="2021-04-06T18:32:31Z" duration-ms="731" status="PASS">
          <reporter-output>
          </reporter-output>
        </test-method> <!-- tearDown -->
      </class> <!-- com.reports.automation.LoginUserNone -->
      <class name="com.reports.automation.LoginPassFail">
        <test-method is-config="true" signature="setUp()[pri:0, instance:com.reports.automation.LoginPassFail@77f80c04]" started-at="2021-04-06T18:32:44Z" name="setUp" finished-at="2021-04-06T18:32:51Z" duration-ms="6994" status="PASS">
          <reporter-output>
          </reporter-output>
        </test-method> <!-- setUp -->
        <test-method signature="loginPassFail()[pri:0, instance:com.reports.automation.LoginPassFail@77f80c04]" started-at="2021-04-06T18:32:51Z" name="loginPassFail" finished-at="2021-04-06T18:32:55Z" duration-ms="4227" status="PASS">
          <reporter-output>
          </reporter-output>
        </test-method> <!-- loginPassFail -->
        <test-method is-config="true" signature="tearDown()[pri:0, instance:com.reports.automation.LoginPassFail@77f80c04]" started-at="2021-04-06T18:32:55Z" name="tearDown" finished-at="2021-04-06T18:32:56Z" duration-ms="714" status="PASS">
          <reporter-output>
          </reporter-output>
        </test-method> <!-- tearDown -->
      </class> <!-- com.reports.automation.LoginPassFail -->
      <class name="com.reports.automation.LoginPassNone">
        <test-method is-config="true" signature="setUp()[pri:0, instance:com.reports.automation.LoginPassNone@37883b97]" started-at="2021-04-06T18:32:06Z" name="setUp" finished-at="2021-04-06T18:32:13Z" duration-ms="6677" status="PASS">
          <reporter-output>
          </reporter-output>
        </test-method> <!-- setUp -->
        <test-method signature="loginPassNone()[pri:0, instance:com.reports.automation.LoginPassNone@37883b97]" started-at="2021-04-06T18:32:13Z" name="loginPassNone" finished-at="2021-04-06T18:32:16Z" duration-ms="3185" status="PASS">
          <reporter-output>
          </reporter-output>
        </test-method> <!-- loginPassNone -->
        <test-method is-config="true" signature="tearDown()[pri:0, instance:com.reports.automation.LoginPassNone@37883b97]" started-at="2021-04-06T18:32:16Z" name="tearDown" finished-at="2021-04-06T18:32:17Z" duration-ms="695" status="PASS">
          <reporter-output>
          </reporter-output>
        </test-method> <!-- tearDown -->
      </class> <!-- com.reports.automation.LoginPassNone -->
      <class name="com.reports.automation.LoginUserFail">
        <test-method is-config="true" signature="setUp()[pri:0, instance:com.reports.automation.LoginUserFail@4e3958e7]" started-at="2021-04-06T18:32:31Z" name="setUp" finished-at="2021-04-06T18:32:40Z" duration-ms="9086" status="PASS">
          <reporter-output>
          </reporter-output>
        </test-method> <!-- setUp -->
        <test-method signature="loginUserFail()[pri:0, instance:com.reports.automation.LoginUserFail@4e3958e7]" started-at="2021-04-06T18:32:40Z" name="loginUserFail" finished-at="2021-04-06T18:32:43Z" duration-ms="3399" status="PASS">
          <reporter-output>
          </reporter-output>
        </test-method> <!-- loginUserFail -->
        <test-method is-config="true" signature="tearDown()[pri:0, instance:com.reports.automation.LoginUserFail@4e3958e7]" started-at="2021-04-06T18:32:43Z" name="tearDown" finished-at="2021-04-06T18:32:44Z" duration-ms="1165" status="PASS">
          <reporter-output>
          </reporter-output>
        </test-method> <!-- tearDown -->
      </class> <!-- com.reports.automation.LoginUserFail -->
      <class name="com.reports.automation.LoginFailed">
        <test-method is-config="true" signature="setUp()[pri:0, instance:com.reports.automation.LoginFailed@4c309d4d]" started-at="2021-04-06T18:29:26Z" name="setUp" finished-at="2021-04-06T18:31:33Z" duration-ms="126654" status="PASS">
          <reporter-output>
          </reporter-output>
        </test-method> <!-- setUp -->
        <test-method signature="loginFailed()[pri:0, instance:com.reports.automation.LoginFailed@4c309d4d]" started-at="2021-04-06T18:31:33Z" name="loginFailed" finished-at="2021-04-06T18:31:33Z" duration-ms="72" status="FAIL">
          <exception class="org.openqa.selenium.NoSuchWindowException">
            <message>
              <![CDATA[no such window: target window already closed
from unknown error: web view not found
  (Session info: chrome=89.0.4389.114)
Build info: version: '3.141.59', revision: 'e82be7d358', time: '2018-11-14T08:17:03'
System info: host: 'DESKTOP-K9J0UBH', ip: '192.168.0.15', os.name: 'Windows 10', os.arch: 'amd64', os.version: '10.0', java.version: '15.0.2'
Driver info: org.openqa.selenium.chrome.ChromeDriver
Capabilities {acceptInsecureCerts: false, browserName: chrome, browserVersion: 89.0.4389.114, chrome: {chromedriverVersion: 89.0.4389.23 (61b08ee2c5002..., userDataDir: C:\Users\Hefes\AppData\Loca...}, goog:chromeOptions: {debuggerAddress: localhost:60354}, javascriptEnabled: true, networkConnectionEnabled: false, pageLoadStrategy: normal, platform: WINDOWS, platformName: WINDOWS, proxy: Proxy(), setWindowRect: true, strictFileInteractability: false, timeouts: {implicit: 0, pageLoad: 300000, script: 30000}, unhandledPromptBehavior: dismiss and notify, webauthn:extension:largeBlob: true, webauthn:virtualAuthenticators: true}
Session ID: 140b142c3f4f4dbdc58f197cdd3adb64
*** Element info: {Using=xpath, value=//*[@id="header"]/div[2]/div/div/nav/div[1]/a}]]>
            </message>
            <full-stacktrace>
              <![CDATA[org.openqa.selenium.NoSuchWindowException: no such window: target window already closed
from unknown error: web view not found
  (Session info: chrome=89.0.4389.114)
Build info: version: '3.141.59', revision: 'e82be7d358', time: '2018-11-14T08:17:03'
System info: host: 'DESKTOP-K9J0UBH', ip: '192.168.0.15', os.name: 'Windows 10', os.arch: 'amd64', os.version: '10.0', java.version: '15.0.2'
Driver info: org.openqa.selenium.chrome.ChromeDriver
Capabilities {acceptInsecureCerts: false, browserName: chrome, browserVersion: 89.0.4389.114, chrome: {chromedriverVersion: 89.0.4389.23 (61b08ee2c5002..., userDataDir: C:\Users\Hefes\AppData\Loca...}, goog:chromeOptions: {debuggerAddress: localhost:60354}, javascriptEnabled: true, networkConnectionEnabled: false, pageLoadStrategy: normal, platform: WINDOWS, platformName: WINDOWS, proxy: Proxy(), setWindowRect: true, strictFileInteractability: false, timeouts: {implicit: 0, pageLoad: 300000, script: 30000}, unhandledPromptBehavior: dismiss and notify, webauthn:extension:largeBlob: true, webauthn:virtualAuthenticators: true}
Session ID: 140b142c3f4f4dbdc58f197cdd3adb64
*** Element info: {Using=xpath, value=//*[@id="header"]/div[2]/div/div/nav/div[1]/a}
	at java.base/jdk.internal.reflect.NativeConstructorAccessorImpl.newInstance0(Native Method)
	at java.base/jdk.internal.reflect.NativeConstructorAccessorImpl.newInstance(NativeConstructorAccessorImpl.java:64)
	at java.base/jdk.internal.reflect.DelegatingConstructorAccessorImpl.newInstance(DelegatingConstructorAccessorImpl.java:45)
	at java.base/java.lang.reflect.Constructor.newInstanceWithCaller(Constructor.java:500)
	at java.base/java.lang.reflect.Constructor.newInstance(Constructor.java:481)
	at org.openqa.selenium.remote.http.W3CHttpResponseCodec.createException(W3CHttpResponseCodec.java:187)
	at org.openqa.selenium.remote.http.W3CHttpResponseCodec.decode(W3CHttpResponseCodec.java:122)
	at org.openqa.selenium.remote.http.W3CHttpResponseCodec.decode(W3CHttpResponseCodec.java:49)
	at org.openqa.selenium.remote.HttpCommandExecutor.execute(HttpCommandExecutor.java:158)
	at org.openqa.selenium.remote.service.DriverCommandExecutor.execute(DriverCommandExecutor.java:83)
	at org.openqa.selenium.remote.RemoteWebDriver.execute(RemoteWebDriver.java:552)
	at org.openqa.selenium.remote.RemoteWebDriver.findElement(RemoteWebDriver.java:323)
	at org.openqa.selenium.remote.RemoteWebDriver.findElementByXPath(RemoteWebDriver.java:428)
	at org.openqa.selenium.By$ByXPath.findElement(By.java:353)
	at org.openqa.selenium.remote.RemoteWebDriver.findElement(RemoteWebDriver.java:315)
	at com.reports.automation.LoginFailed.loginFailed(LoginFailed.java:43)
	at java.base/jdk.internal.reflect.NativeMethodAccessorImpl.invoke0(Native Method)
	at java.base/jdk.internal.reflect.NativeMethodAccessorImpl.invoke(NativeMethodAccessorImpl.java:64)
	at java.base/jdk.internal.reflect.DelegatingMethodAccessorImpl.invoke(DelegatingMethodAccessorImpl.java:43)
	at java.base/java.lang.reflect.Method.invoke(Method.java:564)
	at org.testng.internal.MethodInvocationHelper.invokeMethod(MethodInvocationHelper.java:108)
	at org.testng.internal.Invoker.invokeMethod(Invoker.java:661)
	at org.testng.internal.Invoker.invokeTestMethod(Invoker.java:869)
	at org.testng.internal.Invoker.invokeTestMethods(Invoker.java:1193)
	at org.testng.internal.TestMethodWorker.invokeTestMethods(TestMethodWorker.java:126)
	at org.testng.internal.TestMethodWorker.run(TestMethodWorker.java:109)
	at org.testng.TestRunner.privateRun(TestRunner.java:744)
	at org.testng.TestRunner.run(TestRunner.java:602)
	at org.testng.SuiteRunner.runTest(SuiteRunner.java:380)
	at org.testng.SuiteRunner.runSequentially(SuiteRunner.java:375)
	at org.testng.SuiteRunner.privateRun(SuiteRunner.java:340)
	at org.testng.SuiteRunner.run(SuiteRunner.java:289)
	at org.testng.SuiteRunnerWorker.runSuite(SuiteRunnerWorker.java:52)
	at org.testng.SuiteRunnerWorker.run(SuiteRunnerWorker.java:86)
	at org.testng.TestNG.runSuitesSequentially(TestNG.java:1301)
	at org.testng.TestNG.runSuitesLocally(TestNG.java:1226)
	at org.testng.TestNG.runSuites(TestNG.java:1144)
	at org.testng.TestNG.run(TestNG.java:1115)
	at org.testng.remote.AbstractRemoteTestNG.run(AbstractRemoteTestNG.java:115)
	at org.testng.remote.RemoteTestNG.initAndRun(RemoteTestNG.java:251)
	at org.testng.remote.RemoteTestNG.main(RemoteTestNG.java:77)
]]>
            </full-stacktrace>
          </exception> <!-- org.openqa.selenium.NoSuchWindowException -->
          <reporter-output>
          </reporter-output>
        </test-method> <!-- loginFailed -->
        <test-method is-config="true" signature="tearDown()[pri:0, instance:com.reports.automation.LoginFailed@4c309d4d]" started-at="2021-04-06T18:31:33Z" name="tearDown" finished-at="2021-04-06T18:31:34Z" duration-ms="674" status="PASS">
          <reporter-output>
          </reporter-output>
        </test-method> <!-- tearDown -->
      </class> <!-- com.reports.automation.LoginFailed -->
      <class name="com.reports.automation.LoginExitoso">
        <test-method is-config="true" signature="beforeClass()[pri:0, instance:com.reports.automation.LoginExitoso@38102d01]" started-at="2021-04-06T18:31:34Z" name="beforeClass" finished-at="2021-04-06T18:31:58Z" duration-ms="23999" status="PASS">
          <reporter-output>
          </reporter-output>
        </test-method> <!-- beforeClass -->
        <test-method signature="loginExitoso()[pri:0, instance:com.reports.automation.LoginExitoso@38102d01]" started-at="2021-04-06T18:31:58Z" name="loginExitoso" finished-at="2021-04-06T18:32:05Z" duration-ms="7098" status="PASS">
          <reporter-output>
          </reporter-output>
        </test-method> <!-- loginExitoso -->
        <test-method is-config="true" signature="afterClass()[pri:0, instance:com.reports.automation.LoginExitoso@38102d01]" started-at="2021-04-06T18:32:05Z" name="afterClass" finished-at="2021-04-06T18:32:06Z" duration-ms="1449" status="PASS">
          <reporter-output>
          </reporter-output>
        </test-method> <!-- afterClass -->
      </class> <!-- com.reports.automation.LoginExitoso -->
    </test> <!-- Test -->
  </suite> <!-- Suite -->
</testng-results>
